2025-04-11 00:01:17.817 [pool-3-thread-1] INFO  com.rs.mv.mvvs.client.catalog.from.scan.CurrentPathScanner - [client:400205]scan file in current open file directory(C:/Users/Mikko/Desktop/TigerCookiesMNL/backend/models)
2025-04-11 00:04:26.489 [pool-3-thread-1] INFO  com.rs.mv.mvvs.client.catalog.from.scan.CurrentPathScanner - [client:400205]scan file in current open file directory(C:/Users/Mikko/Desktop/TigerCookiesMNL/frontend/src/components/adminComponents/CreateAccountComponents)
2025-04-11 00:04:42.040 [pool-3-thread-1] INFO  com.rs.mv.mvvs.client.catalog.from.scan.CurrentPathScanner - [client:400205]scan file in current open file directory(C:/Users/Mikko/Desktop/TigerCookiesMNL/backend/models)
2025-04-11 00:05:30.435 [pool-3-thread-1] INFO  com.rs.mv.mvvs.client.catalog.from.scan.CurrentPathScanner - [client:400205]scan file in current open file directory(C:/Users/Mikko/Desktop/TigerCookiesMNL/backend/routes)
2025-04-11 00:05:30.790 [pool-3-thread-1] INFO  com.rs.mv.mvvs.client.catalog.from.scan.CurrentPathScanner - [client:400205]scan file in current open file directory(C:/Users/Mikko/Desktop/TigerCookiesMNL/backend/routes)
2025-04-11 00:05:32.023 [pool-3-thread-1] INFO  com.rs.mv.mvvs.client.catalog.from.scan.CurrentPathScanner - [client:400205]scan file in current open file directory(C:/Users/Mikko/Desktop/TigerCookiesMNL/backend/routes)
2025-04-11 00:07:15.162 [pool-3-thread-1] INFO  com.rs.mv.mvvs.client.catalog.from.scan.CurrentPathScanner - [client:400205]scan file in current open file directory(C:/Users/Mikko/Desktop/TigerCookiesMNL/backend/models)
2025-04-11 00:08:18.206 [pool-3-thread-1] INFO  com.rs.mv.mvvs.client.catalog.from.scan.CurrentPathScanner - [client:400205]scan file in current open file directory(C:/Users/Mikko/Desktop/TigerCookiesMNL/backend/routes)
2025-04-11 00:09:10.354 [pool-3-thread-1] INFO  com.rs.mv.mvvs.client.catalog.from.scan.CurrentPathScanner - [client:400205]scan file in current open file directory(C:/Users/Mikko/Desktop/TigerCookiesMNL/frontend/src/components/adminComponents/CreateAccountComponents)
2025-04-11 00:10:25.961 [pool-3-thread-1] INFO  com.rs.mv.mvvs.client.catalog.from.scan.CurrentPathScanner - [client:400205]scan file in current open file directory(C:/Users/Mikko/Desktop/TigerCookiesMNL/frontend/src/components/loginComponents)
2025-04-11 00:10:38.772 [pool-3-thread-1] INFO  com.rs.mv.mvvs.client.catalog.from.scan.CurrentPathScanner - [client:400205]scan file in current open file directory(C:/Users/Mikko/Desktop/TigerCookiesMNL/frontend/src/components/loginComponents)
2025-04-11 00:10:39.346 [pool-3-thread-1] INFO  com.rs.mv.mvvs.client.catalog.from.scan.CurrentPathScanner - [client:400205]scan file in current open file directory(C:/Users/Mikko/Desktop/TigerCookiesMNL/frontend/src/components/loginComponents)
2025-04-11 00:11:32.943 [pool-3-thread-1] INFO  com.rs.mv.mvvs.client.catalog.from.scan.CurrentPathScanner - [client:400205]scan file in current open file directory(C:/Users/Mikko/Desktop/TigerCookiesMNL/frontend/src/components/employeeComponents/employee-attendance-components)
2025-04-11 00:12:03.856 [pool-3-thread-1] INFO  com.rs.mv.mvvs.client.catalog.from.scan.CurrentPathScanner - [client:400205]scan file in current open file directory(C:/Users/Mikko/Desktop/TigerCookiesMNL/backend/models)
2025-04-11 00:13:57.386 [pool-3-thread-1] INFO  com.rs.mv.mvvs.client.catalog.from.scan.CurrentPathScanner - [client:400205]scan file in current open file directory(C:/Users/Mikko/Desktop/TigerCookiesMNL/backend/routes)
2025-04-11 00:18:00.760 [pool-3-thread-1] INFO  com.rs.mv.mvvs.client.catalog.from.scan.CurrentPathScanner - [client:400205]scan file in current open file directory(C:/Users/Mikko/Desktop/TigerCookiesMNL/frontend/src/components/loginComponents)
2025-04-11 00:18:05.006 [pool-3-thread-1] INFO  com.rs.mv.mvvs.client.catalog.from.scan.CurrentPathScanner - [client:400205]scan file in current open file directory(C:/Users/Mikko/Desktop/TigerCookiesMNL/frontend/src/components/loginComponents)
2025-04-11 00:18:16.620 [pool-3-thread-1] INFO  com.rs.mv.mvvs.client.catalog.from.scan.CurrentPathScanner - [client:400205]scan file in current open file directory(C:/Users/Mikko/Desktop/TigerCookiesMNL/frontend/src/components/loginComponents)
2025-04-11 00:18:27.932 [pool-3-thread-1] INFO  com.rs.mv.mvvs.client.catalog.from.scan.CurrentPathScanner - [client:400205]scan file in current open file directory(C:/Users/Mikko/Desktop/TigerCookiesMNL/backend/routes)
2025-04-11 00:18:37.048 [pool-3-thread-1] INFO  com.rs.mv.mvvs.client.catalog.from.scan.CurrentPathScanner - [client:400205]scan file in current open file directory(C:/Users/Mikko/Desktop/TigerCookiesMNL/frontend/src/components/loginComponents)
2025-04-11 00:18:38.299 [pool-3-thread-1] INFO  com.rs.mv.mvvs.client.catalog.from.scan.CurrentPathScanner - [client:400205]scan file in current open file directory(C:/Users/Mikko/Desktop/TigerCookiesMNL/frontend/src/components/loginComponents)
2025-04-11 00:21:10.475 [pool-3-thread-1] INFO  com.rs.mv.mvvs.client.catalog.from.scan.CurrentPathScanner - [client:400205]scan file in current open file directory(C:/Users/Mikko/Desktop/TigerCookiesMNL/frontend/src/components/loginComponents)
2025-04-11 00:23:15.001 [pool-3-thread-1] INFO  com.rs.mv.mvvs.client.catalog.from.scan.CurrentPathScanner - [client:400205]scan file in current open file directory(C:/Users/Mikko/Desktop/TigerCookiesMNL/frontend/src/components/loginComponents)
2025-04-11 00:23:24.429 [pool-3-thread-1] INFO  com.rs.mv.mvvs.client.catalog.from.scan.CurrentPathScanner - [client:400205]scan file in current open file directory(C:/Users/Mikko/Desktop/TigerCookiesMNL/backend/routes)
2025-04-11 00:23:24.831 [pool-3-thread-1] INFO  com.rs.mv.mvvs.client.catalog.from.scan.CurrentPathScanner - [client:400205]scan file in current open file directory(C:/Users/Mikko/Desktop/TigerCookiesMNL/backend/routes)
2025-04-11 00:25:46.875 [pool-3-thread-1] INFO  com.rs.mv.mvvs.client.catalog.from.scan.CurrentPathScanner - [client:400205]scan file in current open file directory(C:/Users/Mikko/Desktop/TigerCookiesMNL/frontend/src/components/loginComponents)
2025-04-11 00:26:27.810 [pool-3-thread-1] INFO  com.rs.mv.mvvs.client.catalog.from.scan.CurrentPathScanner - [client:400205]scan file in current open file directory(C:/Users/Mikko/Desktop/TigerCookiesMNL/frontend/src/components/loginComponents)
2025-04-11 00:26:35.757 [pool-3-thread-1] INFO  com.rs.mv.mvvs.client.catalog.from.scan.CurrentPathScanner - [client:400205]scan file in current open file directory(C:/Users/Mikko/Desktop/TigerCookiesMNL/frontend/src/components/loginComponents)
2025-04-11 00:34:18.967 [pool-3-thread-1] INFO  com.rs.mv.mvvs.client.catalog.from.scan.CurrentPathScanner - [client:400205]scan file in current open file directory(C:/Users/Mikko/Desktop/TigerCookiesMNL/backend/routes)
2025-04-11 00:38:35.438 [pool-3-thread-1] INFO  com.rs.mv.mvvs.client.catalog.from.scan.CurrentPathScanner - [client:400205]scan file in current open file directory(C:/Users/Mikko/Desktop/TigerCookiesMNL/frontend/src/components/loginComponents)
2025-04-11 00:38:46.376 [pool-3-thread-1] INFO  com.rs.mv.mvvs.client.catalog.from.scan.CurrentPathScanner - [client:400205]scan file in current open file directory(C:/Users/Mikko/Desktop/TigerCookiesMNL/backend/routes)
2025-04-11 00:40:02.600 [pool-3-thread-1] INFO  com.rs.mv.mvvs.client.catalog.from.scan.CurrentPathScanner - [client:400205]scan file in current open file directory(C:/Users/Mikko/Desktop/TigerCookiesMNL/frontend/src/components/loginComponents)
2025-04-11 00:43:28.771 [pool-3-thread-1] INFO  com.rs.mv.mvvs.client.catalog.from.scan.CurrentPathScanner - [client:400205]scan file in current open file directory(C:/Users/Mikko/Desktop/TigerCookiesMNL/backend/models)
2025-04-11 00:43:59.928 [pool-3-thread-1] INFO  com.rs.mv.mvvs.client.catalog.from.scan.CurrentPathScanner - [client:400205]scan file in current open file directory(C:/Users/Mikko/Desktop/TigerCookiesMNL/backend/routes)
2025-04-11 00:46:52.652 [pool-3-thread-1] INFO  com.rs.mv.mvvs.client.catalog.from.scan.CurrentPathScanner - [client:400205]scan file in current open file directory(C:/Users/Mikko/Desktop/TigerCookiesMNL/frontend/src/components/loginComponents)
2025-04-11 00:49:59.931 [pool-3-thread-1] INFO  com.rs.mv.mvvs.client.catalog.from.scan.CurrentPathScanner - [client:400205]scan file in current open file directory(C:/Users/Mikko/Desktop/TigerCookiesMNL/backend/models)
2025-04-11 00:50:06.537 [pool-3-thread-1] INFO  com.rs.mv.mvvs.client.catalog.from.scan.CurrentPathScanner - [client:400205]scan file in current open file directory(C:/Users/Mikko/Desktop/TigerCookiesMNL/frontend/src/components/adminComponents/UpdateAccountComponents)
2025-04-11 00:50:49.142 [pool-3-thread-1] INFO  com.rs.mv.mvvs.client.catalog.from.scan.CurrentPathScanner - [client:400205]scan file in current open file directory(C:/Users/Mikko/Desktop/TigerCookiesMNL/frontend/src/components/loginComponents)
2025-04-11 00:53:45.158 [pool-3-thread-1] INFO  com.rs.mv.mvvs.client.catalog.from.scan.CurrentPathScanner - [client:400205]scan file in current open file directory(C:/Users/Mikko/Desktop/TigerCookiesMNL/frontend/src/components/loginComponents)
2025-04-11 00:57:47.761 [pool-3-thread-1] INFO  com.rs.mv.mvvs.client.catalog.from.scan.CurrentPathScanner - [client:400205]scan file in current open file directory(C:/Users/Mikko/Desktop/TigerCookiesMNL/frontend/src/components/loginComponents)
2025-04-11 00:57:48.904 [pool-3-thread-1] INFO  com.rs.mv.mvvs.client.catalog.from.scan.CurrentPathScanner - [client:400205]scan file in current open file directory(C:/Users/Mikko/Desktop/TigerCookiesMNL/frontend/src/components/loginComponents)
2025-04-11 00:58:09.016 [pool-3-thread-1] INFO  com.rs.mv.mvvs.client.catalog.from.scan.CurrentPathScanner - [client:400205]scan file in current open file directory(C:/Users/Mikko/Desktop/TigerCookiesMNL/backend/routes)
2025-04-11 00:58:21.012 [pool-3-thread-1] INFO  com.rs.mv.mvvs.client.catalog.from.scan.CurrentPathScanner - [client:400205]scan file in current open file directory(C:/Users/Mikko/Desktop/TigerCookiesMNL/frontend/src/components/loginComponents)
2025-04-11 01:04:22.067 [pool-3-thread-1] INFO  com.rs.mv.mvvs.client.catalog.from.scan.CurrentPathScanner - [client:400205]scan file in current open file directory(C:/Users/Mikko/Desktop/TigerCookiesMNL/frontend/src/components/loginComponents)
2025-04-11 01:04:35.546 [pool-3-thread-1] INFO  com.rs.mv.mvvs.client.catalog.from.scan.CurrentPathScanner - [client:400205]scan file in current open file directory(C:/Users/Mikko/Desktop/TigerCookiesMNL/backend/routes)
2025-04-11 01:08:29.224 [pool-3-thread-1] INFO  com.rs.mv.mvvs.client.catalog.from.scan.CurrentPathScanner - [client:400205]scan file in current open file directory(C:/Users/Mikko/Desktop/TigerCookiesMNL/frontend/src/components/loginComponents)
2025-04-11 01:08:34.338 [pool-3-thread-1] INFO  com.rs.mv.mvvs.client.catalog.from.scan.CurrentPathScanner - [client:400205]scan file in current open file directory(C:/Users/Mikko/Desktop/TigerCookiesMNL/frontend/src/components/loginComponents)
2025-04-11 01:10:35.117 [pool-3-thread-1] INFO  com.rs.mv.mvvs.client.catalog.from.scan.CurrentPathScanner - [client:400205]scan file in current open file directory(C:/Users/Mikko/Desktop/TigerCookiesMNL/backend/routes)
2025-04-11 01:10:53.708 [pool-3-thread-1] INFO  com.rs.mv.mvvs.client.catalog.from.scan.CurrentPathScanner - [client:400205]scan file in current open file directory(C:/Users/Mikko/Desktop/TigerCookiesMNL/frontend/src/components/loginComponents)
2025-04-11 01:11:15.052 [pool-3-thread-1] INFO  com.rs.mv.mvvs.client.catalog.from.scan.CurrentPathScanner - [client:400205]scan file in current open file directory(C:/Users/Mikko/Desktop/TigerCookiesMNL/frontend/src/components/loginComponents)
2025-04-11 01:11:17.294 [pool-3-thread-1] INFO  com.rs.mv.mvvs.client.catalog.from.scan.CurrentPathScanner - [client:400205]scan file in current open file directory(C:/Users/Mikko/Desktop/TigerCookiesMNL/frontend/src/components/loginComponents)
2025-04-11 01:11:17.704 [pool-3-thread-1] INFO  com.rs.mv.mvvs.client.catalog.from.scan.CurrentPathScanner - [client:400205]scan file in current open file directory(C:/Users/Mikko/Desktop/TigerCookiesMNL/frontend/src/components/loginComponents)
2025-04-11 01:11:29.523 [pool-3-thread-1] INFO  com.rs.mv.mvvs.client.catalog.from.scan.CurrentPathScanner - [client:400205]scan file in current open file directory(C:/Users/Mikko/Desktop/TigerCookiesMNL/backend/routes)
2025-04-11 01:11:40.236 [pool-3-thread-1] INFO  com.rs.mv.mvvs.client.catalog.from.scan.CurrentPathScanner - [client:400205]scan file in current open file directory(C:/Users/Mikko/Desktop/TigerCookiesMNL/frontend/src/components/loginComponents)
2025-04-11 01:15:00.516 [pool-3-thread-1] INFO  com.rs.mv.mvvs.client.catalog.from.scan.CurrentPathScanner - [client:400205]scan file in current open file directory(C:/Users/Mikko/Desktop/TigerCookiesMNL/backend/routes)
2025-04-11 01:15:15.060 [pool-3-thread-1] INFO  com.rs.mv.mvvs.client.catalog.from.scan.CurrentPathScanner - [client:400205]scan file in current open file directory(C:/Users/Mikko/Desktop/TigerCookiesMNL/frontend/src/components/loginComponents)
2025-04-11 01:15:26.375 [pool-3-thread-1] INFO  com.rs.mv.mvvs.client.catalog.from.scan.CurrentPathScanner - [client:400205]scan file in current open file directory(C:/Users/Mikko/Desktop/TigerCookiesMNL/frontend/src/components/employeeComponents/employee-attendance-components)
2025-04-11 01:15:30.142 [pool-3-thread-1] INFO  com.rs.mv.mvvs.client.catalog.from.scan.CurrentPathScanner - [client:400205]scan file in current open file directory(C:/Users/Mikko/Desktop/TigerCookiesMNL/backend/routes)
2025-04-11 01:16:17.410 [pool-3-thread-1] INFO  com.rs.mv.mvvs.client.catalog.from.scan.CurrentPathScanner - [client:400205]scan file in current open file directory(C:/Users/Mikko/Desktop/TigerCookiesMNL/frontend/src/components/loginComponents)
2025-04-11 01:16:56.025 [pool-3-thread-1] INFO  com.rs.mv.mvvs.client.catalog.from.scan.CurrentPathScanner - [client:400205]scan file in current open file directory(C:/Users/Mikko/Desktop/TigerCookiesMNL/frontend/src/components/loginComponents)
2025-04-11 01:17:20.213 [pool-3-thread-1] INFO  com.rs.mv.mvvs.client.catalog.from.scan.CurrentPathScanner - [client:400205]scan file in current open file directory(C:/Users/Mikko/Desktop/TigerCookiesMNL/backend/routes)
2025-04-11 01:19:04.489 [pool-3-thread-1] INFO  com.rs.mv.mvvs.client.catalog.from.scan.CurrentPathScanner - [client:400205]scan file in current open file directory(C:/Users/Mikko/Desktop/TigerCookiesMNL/backend)
2025-04-11 01:19:10.411 [pool-3-thread-1] INFO  com.rs.mv.mvvs.client.catalog.from.scan.CurrentPathScanner - [client:400205]scan file in current open file directory(C:/Users/Mikko/Desktop/TigerCookiesMNL/backend/routes)
2025-04-11 01:24:45.360 [pool-3-thread-1] INFO  com.rs.mv.mvvs.client.catalog.from.scan.CurrentPathScanner - [client:400205]scan file in current open file directory(C:/Users/Mikko/Desktop/TigerCookiesMNL/frontend/src/components/loginComponents)
2025-04-11 01:25:29.470 [pool-3-thread-1] INFO  com.rs.mv.mvvs.client.catalog.from.scan.CurrentPathScanner - [client:400205]scan file in current open file directory(C:/Users/Mikko/Desktop/TigerCookiesMNL/frontend/src/components/loginComponents)
2025-04-11 01:25:34.635 [pool-3-thread-1] INFO  com.rs.mv.mvvs.client.catalog.from.scan.CurrentPathScanner - [client:400205]scan file in current open file directory(C:/Users/Mikko/Desktop/TigerCookiesMNL/backend/routes)
2025-04-11 01:26:02.957 [pool-3-thread-1] INFO  com.rs.mv.mvvs.client.catalog.from.scan.CurrentPathScanner - [client:400205]scan file in current open file directory(C:/Users/Mikko/Desktop/TigerCookiesMNL/backend/models)
2025-04-11 01:27:15.295 [pool-3-thread-1] INFO  com.rs.mv.mvvs.client.catalog.from.scan.CurrentPathScanner - [client:400205]scan file in current open file directory(C:/Users/Mikko/Desktop/TigerCookiesMNL/backend/routes)
2025-04-11 01:27:52.726 [pool-3-thread-1] INFO  com.rs.mv.mvvs.client.catalog.from.scan.CurrentPathScanner - [client:400205]scan file in current open file directory(C:/Users/Mikko/Desktop/TigerCookiesMNL/frontend/src/components/loginComponents)
2025-04-11 01:27:58.257 [pool-3-thread-1] INFO  com.rs.mv.mvvs.client.catalog.from.scan.CurrentPathScanner - [client:400205]scan file in current open file directory(C:/Users/Mikko/Desktop/TigerCookiesMNL/frontend/src/components/loginComponents)
2025-04-11 01:29:30.050 [pool-3-thread-1] INFO  com.rs.mv.mvvs.client.catalog.from.scan.CurrentPathScanner - [client:400205]scan file in current open file directory(C:/Users/Mikko/Desktop/TigerCookiesMNL/frontend/src/components/loginComponents)
2025-04-11 01:29:35.479 [pool-3-thread-1] INFO  com.rs.mv.mvvs.client.catalog.from.scan.CurrentPathScanner - [client:400205]scan file in current open file directory(C:/Users/Mikko/Desktop/TigerCookiesMNL/frontend/src/components/loginComponents)
2025-04-11 01:29:43.704 [pool-3-thread-1] INFO  com.rs.mv.mvvs.client.catalog.from.scan.CurrentPathScanner - [client:400205]scan file in current open file directory(C:/Users/Mikko/Desktop/TigerCookiesMNL/backend/routes)
2025-04-11 01:30:05.357 [pool-3-thread-1] INFO  com.rs.mv.mvvs.client.catalog.from.scan.CurrentPathScanner - [client:400205]scan file in current open file directory(C:/Users/Mikko/Desktop/TigerCookiesMNL/frontend/src/components/loginComponents)
2025-04-11 01:32:39.101 [pool-3-thread-1] INFO  com.rs.mv.mvvs.client.catalog.from.scan.CurrentPathScanner - [client:400205]scan file in current open file directory(C:/Users/Mikko/Desktop/TigerCookiesMNL/frontend/src/components/loginComponents)
2025-04-11 01:33:55.280 [pool-3-thread-1] INFO  com.rs.mv.mvvs.client.catalog.from.scan.CurrentPathScanner - [client:400205]scan file in current open file directory(C:/Users/Mikko/Desktop/TigerCookiesMNL/frontend/src/components/loginComponents)
2025-04-11 01:33:58.730 [pool-3-thread-1] INFO  com.rs.mv.mvvs.client.catalog.from.scan.CurrentPathScanner - [client:400205]scan file in current open file directory(C:/Users/Mikko/Desktop/TigerCookiesMNL/frontend/src/components/loginComponents)
2025-04-11 01:33:59.078 [pool-3-thread-1] INFO  com.rs.mv.mvvs.client.catalog.from.scan.CurrentPathScanner - [client:400205]scan file in current open file directory(C:/Users/Mikko/Desktop/TigerCookiesMNL/frontend/src/components/loginComponents)
2025-04-11 01:34:02.393 [pool-3-thread-1] INFO  com.rs.mv.mvvs.client.catalog.from.scan.CurrentPathScanner - [client:400205]scan file in current open file directory(C:/Users/Mikko/Desktop/TigerCookiesMNL/frontend/src/components/loginComponents)
2025-04-11 01:34:06.975 [pool-3-thread-1] INFO  com.rs.mv.mvvs.client.catalog.from.scan.CurrentPathScanner - [client:400205]scan file in current open file directory(C:/Users/Mikko/Desktop/TigerCookiesMNL/backend/routes)
2025-04-11 01:35:49.783 [pool-3-thread-1] INFO  com.rs.mv.mvvs.client.catalog.from.scan.CurrentPathScanner - [client:400205]scan file in current open file directory(C:/Users/Mikko/Desktop/TigerCookiesMNL/frontend/src/components/loginComponents)
2025-04-11 01:35:54.603 [pool-3-thread-1] INFO  com.rs.mv.mvvs.client.catalog.from.scan.CurrentPathScanner - [client:400205]scan file in current open file directory(C:/Users/Mikko/Desktop/TigerCookiesMNL/frontend/src/components/loginComponents)
2025-04-11 01:35:57.949 [pool-3-thread-1] INFO  com.rs.mv.mvvs.client.catalog.from.scan.CurrentPathScanner - [client:400205]scan file in current open file directory(C:/Users/Mikko/Desktop/TigerCookiesMNL/frontend/src/components/loginComponents)
2025-04-11 01:37:33.363 [pool-3-thread-1] INFO  com.rs.mv.mvvs.client.catalog.from.scan.CurrentPathScanner - [client:400205]scan file in current open file directory(C:/Users/Mikko/Desktop/TigerCookiesMNL/backend/models)
2025-04-11 01:38:08.696 [pool-3-thread-1] INFO  com.rs.mv.mvvs.client.catalog.from.scan.CurrentPathScanner - [client:400205]scan file in current open file directory(C:/Users/Mikko/Desktop/TigerCookiesMNL/backend/routes)
2025-04-11 01:38:35.717 [pool-3-thread-1] INFO  com.rs.mv.mvvs.client.catalog.from.scan.CurrentPathScanner - [client:400205]scan file in current open file directory(C:/Users/Mikko/Desktop/TigerCookiesMNL/frontend/src/components/loginComponents)
2025-04-11 01:38:47.573 [pool-3-thread-1] INFO  com.rs.mv.mvvs.client.catalog.from.scan.CurrentPathScanner - [client:400205]scan file in current open file directory(C:/Users/Mikko/Desktop/TigerCookiesMNL/backend/routes)
2025-04-11 01:39:19.825 [pool-3-thread-1] INFO  com.rs.mv.mvvs.client.catalog.from.scan.CurrentPathScanner - [client:400205]scan file in current open file directory(C:/Users/Mikko/Desktop/TigerCookiesMNL/frontend/src/components/loginComponents)
2025-04-11 01:41:35.926 [pool-3-thread-1] INFO  com.rs.mv.mvvs.client.catalog.from.scan.CurrentPathScanner - [client:400205]scan file in current open file directory(C:/Users/Mikko/Desktop/TigerCookiesMNL/backend/routes)
2025-04-11 01:42:20.035 [pool-3-thread-1] INFO  com.rs.mv.mvvs.client.catalog.from.scan.CurrentPathScanner - [client:400205]scan file in current open file directory(C:/Users/Mikko/Desktop/TigerCookiesMNL/frontend/src/components/loginComponents)
2025-04-11 01:42:32.881 [pool-3-thread-1] INFO  com.rs.mv.mvvs.client.catalog.from.scan.CurrentPathScanner - [client:400205]scan file in current open file directory(C:/Users/Mikko/Desktop/TigerCookiesMNL/backend/routes)
2025-04-11 01:42:49.815 [pool-3-thread-1] INFO  com.rs.mv.mvvs.client.catalog.from.scan.CurrentPathScanner - [client:400205]scan file in current open file directory(C:/Users/Mikko/Desktop/TigerCookiesMNL/frontend/src/components/loginComponents)
2025-04-11 01:44:06.439 [pool-3-thread-1] INFO  com.rs.mv.mvvs.client.catalog.from.scan.CurrentPathScanner - [client:400205]scan file in current open file directory(C:/Users/Mikko/Desktop/TigerCookiesMNL/frontend/src/components/loginComponents)
2025-04-11 01:44:10.283 [pool-3-thread-1] INFO  com.rs.mv.mvvs.client.catalog.from.scan.CurrentPathScanner - [client:400205]scan file in current open file directory(C:/Users/Mikko/Desktop/TigerCookiesMNL/frontend/src/components/loginComponents)
2025-04-11 01:44:11.030 [pool-3-thread-1] INFO  com.rs.mv.mvvs.client.catalog.from.scan.CurrentPathScanner - [client:400205]scan file in current open file directory(C:/Users/Mikko/Desktop/TigerCookiesMNL/frontend/src/components/loginComponents)
2025-04-11 01:44:15.819 [pool-3-thread-1] INFO  com.rs.mv.mvvs.client.catalog.from.scan.CurrentPathScanner - [client:400205]scan file in current open file directory(C:/Users/Mikko/Desktop/TigerCookiesMNL/backend/routes)
2025-04-11 01:45:13.773 [pool-3-thread-1] INFO  com.rs.mv.mvvs.client.catalog.from.scan.CurrentPathScanner - [client:400205]scan file in current open file directory(C:/Users/Mikko/Desktop/TigerCookiesMNL/backend/models)
2025-04-11 01:45:21.115 [pool-3-thread-1] INFO  com.rs.mv.mvvs.client.catalog.from.scan.CurrentPathScanner - [client:400205]scan file in current open file directory(C:/Users/Mikko/Desktop/TigerCookiesMNL/frontend/src/components/loginComponents)
2025-04-11 01:45:24.926 [pool-3-thread-1] INFO  com.rs.mv.mvvs.client.catalog.from.scan.CurrentPathScanner - [client:400205]scan file in current open file directory(C:/Users/Mikko/Desktop/TigerCookiesMNL/frontend/src/components/loginComponents)
2025-04-11 01:45:28.360 [pool-3-thread-1] INFO  com.rs.mv.mvvs.client.catalog.from.scan.CurrentPathScanner - [client:400205]scan file in current open file directory(C:/Users/Mikko/Desktop/TigerCookiesMNL/frontend/src/components/loginComponents)
2025-04-11 01:46:52.024 [pool-3-thread-1] INFO  com.rs.mv.mvvs.client.catalog.from.scan.CurrentPathScanner - [client:400205]scan file in current open file directory(C:/Users/Mikko/Desktop/TigerCookiesMNL/backend/routes)
2025-04-11 01:47:16.308 [pool-3-thread-1] INFO  com.rs.mv.mvvs.client.catalog.from.scan.CurrentPathScanner - [client:400205]scan file in current open file directory(C:/Users/Mikko/Desktop/TigerCookiesMNL/frontend/src/components/loginComponents)
2025-04-11 01:49:40.283 [pool-3-thread-1] INFO  com.rs.mv.mvvs.client.catalog.from.scan.CurrentPathScanner - [client:400205]scan file in current open file directory(C:/Users/Mikko/Desktop/TigerCookiesMNL/backend/routes)
2025-04-11 01:50:04.252 [pool-3-thread-1] INFO  com.rs.mv.mvvs.client.catalog.from.scan.CurrentPathScanner - [client:400205]scan file in current open file directory(C:/Users/Mikko/Desktop/TigerCookiesMNL/frontend/src/components/loginComponents)
2025-04-11 01:50:28.635 [pool-3-thread-1] INFO  com.rs.mv.mvvs.client.catalog.from.scan.CurrentPathScanner - [client:400205]scan file in current open file directory(C:/Users/Mikko/Desktop/TigerCookiesMNL/frontend/src/components/loginComponents)
2025-04-11 01:50:38.714 [pool-3-thread-1] INFO  com.rs.mv.mvvs.client.catalog.from.scan.CurrentPathScanner - [client:400205]scan file in current open file directory(C:/Users/Mikko/Desktop/TigerCookiesMNL/frontend/src/components/loginComponents)
2025-04-11 01:53:14.835 [pool-3-thread-1] INFO  com.rs.mv.mvvs.client.catalog.from.scan.CurrentPathScanner - [client:400205]scan file in current open file directory(C:/Users/Mikko/Desktop/TigerCookiesMNL/backend/models)
2025-04-11 01:54:31.370 [pool-3-thread-1] INFO  com.rs.mv.mvvs.client.catalog.from.scan.CurrentPathScanner - [client:400205]scan file in current open file directory(C:/Users/Mikko/Desktop/TigerCookiesMNL/backend/routes)
2025-04-11 01:54:53.352 [pool-3-thread-1] INFO  com.rs.mv.mvvs.client.catalog.from.scan.CurrentPathScanner - [client:400205]scan file in current open file directory(C:/Users/Mikko/Desktop/TigerCookiesMNL/frontend/src/components/loginComponents)
2025-04-11 01:55:15.686 [pool-3-thread-1] INFO  com.rs.mv.mvvs.client.catalog.from.scan.CurrentPathScanner - [client:400205]scan file in current open file directory(C:/Users/Mikko/Desktop/TigerCookiesMNL/frontend/src/components/loginComponents)
2025-04-11 01:59:26.753 [pool-3-thread-1] INFO  com.rs.mv.mvvs.client.catalog.from.scan.CurrentPathScanner - [client:400205]scan file in current open file directory(C:/Users/Mikko/Desktop/TigerCookiesMNL/backend/routes)
2025-04-11 02:00:08.483 [pool-3-thread-1] INFO  com.rs.mv.mvvs.client.catalog.from.scan.CurrentPathScanner - [client:400205]scan file in current open file directory(C:/Users/Mikko/Desktop/TigerCookiesMNL/frontend/src/components/loginComponents)
2025-04-11 02:00:15.265 [pool-3-thread-1] INFO  com.rs.mv.mvvs.client.catalog.from.scan.CurrentPathScanner - [client:400205]scan file in current open file directory(C:/Users/Mikko/Desktop/TigerCookiesMNL/frontend/src/components/loginComponents)
2025-04-11 02:00:55.802 [pool-3-thread-1] INFO  com.rs.mv.mvvs.client.catalog.from.scan.CurrentPathScanner - [client:400205]scan file in current open file directory(C:/Users/Mikko/Desktop/TigerCookiesMNL/backend/models)
2025-04-11 02:04:14.345 [pool-3-thread-1] INFO  com.rs.mv.mvvs.client.catalog.from.scan.CurrentPathScanner - [client:400205]scan file in current open file directory(C:/Users/Mikko/Desktop/TigerCookiesMNL/frontend/src/components/loginComponents)
2025-04-11 02:04:19.279 [pool-3-thread-1] INFO  com.rs.mv.mvvs.client.catalog.from.scan.CurrentPathScanner - [client:400205]scan file in current open file directory(C:/Users/Mikko/Desktop/TigerCookiesMNL/frontend/src/components/loginComponents)
2025-04-11 02:04:25.756 [pool-3-thread-1] INFO  com.rs.mv.mvvs.client.catalog.from.scan.CurrentPathScanner - [client:400205]scan file in current open file directory(C:/Users/Mikko/Desktop/TigerCookiesMNL/backend/routes)
2025-04-11 02:04:28.022 [pool-3-thread-1] INFO  com.rs.mv.mvvs.client.catalog.from.scan.CurrentPathScanner - [client:400205]scan file in current open file directory(C:/Users/Mikko/Desktop/TigerCookiesMNL/backend/routes)
2025-04-11 02:04:38.070 [pool-3-thread-1] INFO  com.rs.mv.mvvs.client.catalog.from.scan.CurrentPathScanner - [client:400205]scan file in current open file directory(C:/Users/Mikko/Desktop/TigerCookiesMNL/frontend/src/components/loginComponents)
2025-04-11 02:07:36.860 [pool-3-thread-1] INFO  com.rs.mv.mvvs.client.catalog.from.scan.CurrentPathScanner - [client:400205]scan file in current open file directory(C:/Users/Mikko/Desktop/TigerCookiesMNL/backend/routes)
2025-04-11 02:08:34.527 [pool-3-thread-1] INFO  com.rs.mv.mvvs.client.catalog.from.scan.CurrentPathScanner - [client:400205]scan file in current open file directory(C:/Users/Mikko/Desktop/TigerCookiesMNL/frontend/src/components/loginComponents)
2025-04-11 02:09:03.340 [pool-3-thread-1] INFO  com.rs.mv.mvvs.client.catalog.from.scan.CurrentPathScanner - [client:400205]scan file in current open file directory(C:/Users/Mikko/Desktop/TigerCookiesMNL/frontend/src/components/loginComponents)
2025-04-11 02:09:25.889 [pool-3-thread-1] INFO  com.rs.mv.mvvs.client.catalog.from.scan.CurrentPathScanner - [client:400205]scan file in current open file directory(C:/Users/Mikko/Desktop/TigerCookiesMNL/backend/routes)
2025-04-11 02:11:53.992 [pool-3-thread-1] INFO  com.rs.mv.mvvs.client.catalog.from.scan.CurrentPathScanner - [client:400205]scan file in current open file directory(C:/Users/Mikko/Desktop/TigerCookiesMNL/frontend/src/components/loginComponents)
2025-04-11 02:12:04.974 [pool-3-thread-1] INFO  com.rs.mv.mvvs.client.catalog.from.scan.CurrentPathScanner - [client:400205]scan file in current open file directory(C:/Users/Mikko/Desktop/TigerCookiesMNL/backend/routes)
2025-04-11 02:12:32.310 [pool-3-thread-1] INFO  com.rs.mv.mvvs.client.catalog.from.scan.CurrentPathScanner - [client:400205]scan file in current open file directory(C:/Users/Mikko/Desktop/TigerCookiesMNL/frontend/src/components/loginComponents)
2025-04-11 02:12:45.968 [pool-3-thread-1] INFO  com.rs.mv.mvvs.client.catalog.from.scan.CurrentPathScanner - [client:400205]scan file in current open file directory(C:/Users/Mikko/Desktop/TigerCookiesMNL/frontend/src/components/loginComponents)
2025-04-11 02:13:03.194 [pool-3-thread-1] INFO  com.rs.mv.mvvs.client.catalog.from.scan.CurrentPathScanner - [client:400205]scan file in current open file directory(C:/Users/Mikko/Desktop/TigerCookiesMNL/frontend/src/components/loginComponents)
2025-04-11 02:14:58.687 [pool-3-thread-1] INFO  com.rs.mv.mvvs.client.catalog.from.scan.CurrentPathScanner - [client:400205]scan file in current open file directory(C:/Users/Mikko/Desktop/TigerCookiesMNL/frontend/src/components/loginComponents)
2025-04-11 02:14:59.576 [pool-3-thread-1] INFO  com.rs.mv.mvvs.client.catalog.from.scan.CurrentPathScanner - [client:400205]scan file in current open file directory(C:/Users/Mikko/Desktop/TigerCookiesMNL/frontend/src/components/loginComponents)
2025-04-11 02:15:11.972 [pool-3-thread-1] INFO  com.rs.mv.mvvs.client.catalog.from.scan.CurrentPathScanner - [client:400205]scan file in current open file directory(C:/Users/Mikko/Desktop/TigerCookiesMNL/frontend/src/components/loginComponents)
2025-04-11 02:15:58.773 [pool-3-thread-1] INFO  com.rs.mv.mvvs.client.catalog.from.scan.CurrentPathScanner - [client:400205]scan file in current open file directory(C:/Users/Mikko/Desktop/TigerCookiesMNL/backend/routes)
2025-04-11 02:16:34.450 [pool-3-thread-1] INFO  com.rs.mv.mvvs.client.catalog.from.scan.CurrentPathScanner - [client:400205]scan file in current open file directory(C:/Users/Mikko/Desktop/TigerCookiesMNL/backend/models)
2025-04-11 02:16:38.953 [pool-3-thread-1] INFO  com.rs.mv.mvvs.client.catalog.from.scan.CurrentPathScanner - [client:400205]scan file in current open file directory(C:/Users/Mikko/Desktop/TigerCookiesMNL/frontend/src/components/loginComponents)
2025-04-11 02:16:40.104 [pool-3-thread-1] INFO  com.rs.mv.mvvs.client.catalog.from.scan.CurrentPathScanner - [client:400205]scan file in current open file directory(C:/Users/Mikko/Desktop/TigerCookiesMNL/frontend/src/components/loginComponents)
2025-04-11 02:16:42.294 [pool-3-thread-1] INFO  com.rs.mv.mvvs.client.catalog.from.scan.CurrentPathScanner - [client:400205]scan file in current open file directory(C:/Users/Mikko/Desktop/TigerCookiesMNL/frontend/src/components/loginComponents)
2025-04-11 02:18:23.047 [pool-3-thread-1] INFO  com.rs.mv.mvvs.client.catalog.from.scan.CurrentPathScanner - [client:400205]scan file in current open file directory(C:/Users/Mikko/Desktop/TigerCookiesMNL/frontend/src/components/loginComponents)
2025-04-11 02:18:27.262 [pool-3-thread-1] INFO  com.rs.mv.mvvs.client.catalog.from.scan.CurrentPathScanner - [client:400205]scan file in current open file directory(C:/Users/Mikko/Desktop/TigerCookiesMNL/frontend/src/components/loginComponents)
2025-04-11 02:18:30.058 [pool-3-thread-1] INFO  com.rs.mv.mvvs.client.catalog.from.scan.CurrentPathScanner - [client:400205]scan file in current open file directory(C:/Users/Mikko/Desktop/TigerCookiesMNL/backend/routes)
2025-04-11 02:18:55.548 [pool-3-thread-1] INFO  com.rs.mv.mvvs.client.catalog.from.scan.CurrentPathScanner - [client:400205]scan file in current open file directory(C:/Users/Mikko/Desktop/TigerCookiesMNL/frontend/src/components/loginComponents)
2025-04-11 02:18:58.934 [pool-3-thread-1] INFO  com.rs.mv.mvvs.client.catalog.from.scan.CurrentPathScanner - [client:400205]scan file in current open file directory(C:/Users/Mikko/Desktop/TigerCookiesMNL/frontend/src/components/loginComponents)
2025-04-11 02:19:02.982 [pool-3-thread-1] INFO  com.rs.mv.mvvs.client.catalog.from.scan.CurrentPathScanner - [client:400205]scan file in current open file directory(C:/Users/Mikko/Desktop/TigerCookiesMNL/frontend/src/components/loginComponents)
2025-04-11 02:19:07.538 [pool-3-thread-1] INFO  com.rs.mv.mvvs.client.catalog.from.scan.CurrentPathScanner - [client:400205]scan file in current open file directory(C:/Users/Mikko/Desktop/TigerCookiesMNL/frontend/src/components/loginComponents)
2025-04-11 02:19:11.644 [pool-3-thread-1] INFO  com.rs.mv.mvvs.client.catalog.from.scan.CurrentPathScanner - [client:400205]scan file in current open file directory(C:/Users/Mikko/Desktop/TigerCookiesMNL/frontend/src/components/loginComponents)
2025-04-11 02:19:26.362 [pool-3-thread-1] INFO  com.rs.mv.mvvs.client.catalog.from.scan.CurrentPathScanner - [client:400205]scan file in current open file directory(C:/Users/Mikko/Desktop/TigerCookiesMNL/backend/routes)
2025-04-11 02:19:31.350 [pool-3-thread-1] INFO  com.rs.mv.mvvs.client.catalog.from.scan.CurrentPathScanner - [client:400205]scan file in current open file directory(C:/Users/Mikko/Desktop/TigerCookiesMNL/backend/models)
2025-04-11 02:23:00.815 [pool-3-thread-1] INFO  com.rs.mv.mvvs.client.catalog.from.scan.CurrentPathScanner - [client:400205]scan file in current open file directory(C:/Users/Mikko/Desktop/TigerCookiesMNL/frontend/src/components/loginComponents)
2025-04-11 02:23:26.740 [pool-3-thread-1] INFO  com.rs.mv.mvvs.client.catalog.from.scan.CurrentPathScanner - [client:400205]scan file in current open file directory(C:/Users/Mikko/Desktop/TigerCookiesMNL/frontend/src/components/loginComponents)
2025-04-11 02:23:39.449 [pool-3-thread-1] INFO  com.rs.mv.mvvs.client.catalog.from.scan.CurrentPathScanner - [client:400205]scan file in current open file directory(C:/Users/Mikko/Desktop/TigerCookiesMNL/frontend/src/components/loginComponents)
2025-04-11 02:23:53.802 [pool-3-thread-1] INFO  com.rs.mv.mvvs.client.catalog.from.scan.CurrentPathScanner - [client:400205]scan file in current open file directory(C:/Users/Mikko/Desktop/TigerCookiesMNL/backend/routes)
2025-04-11 02:28:26.320 [pool-3-thread-1] INFO  com.rs.mv.mvvs.client.catalog.from.scan.CurrentPathScanner - [client:400205]scan file in current open file directory(C:/Users/Mikko/Desktop/TigerCookiesMNL/frontend/src/components/loginComponents)
2025-04-11 02:28:32.116 [pool-3-thread-1] INFO  com.rs.mv.mvvs.client.catalog.from.scan.CurrentPathScanner - [client:400205]scan file in current open file directory(C:/Users/Mikko/Desktop/TigerCookiesMNL/frontend/src/components/loginComponents)
2025-04-11 02:28:34.006 [pool-3-thread-1] INFO  com.rs.mv.mvvs.client.catalog.from.scan.CurrentPathScanner - [client:400205]scan file in current open file directory(C:/Users/Mikko/Desktop/TigerCookiesMNL/frontend/src/components/loginComponents)
2025-04-11 02:28:34.602 [pool-3-thread-1] INFO  com.rs.mv.mvvs.client.catalog.from.scan.CurrentPathScanner - [client:400205]scan file in current open file directory(C:/Users/Mikko/Desktop/TigerCookiesMNL/frontend/src/components/loginComponents)
2025-04-11 02:29:30.295 [pool-3-thread-1] INFO  com.rs.mv.mvvs.client.catalog.from.scan.CurrentPathScanner - [client:400205]scan file in current open file directory(C:/Users/Mikko/Desktop/TigerCookiesMNL/frontend/src/components/loginComponents)
2025-04-11 02:29:40.628 [pool-3-thread-1] INFO  com.rs.mv.mvvs.client.catalog.from.scan.CurrentPathScanner - [client:400205]scan file in current open file directory(C:/Users/Mikko/Desktop/TigerCookiesMNL/backend/routes)
2025-04-11 02:30:34.808 [pool-3-thread-1] INFO  com.rs.mv.mvvs.client.catalog.from.scan.CurrentPathScanner - [client:400205]scan file in current open file directory(C:/Users/Mikko/Desktop/TigerCookiesMNL/frontend/src/components/loginComponents)
2025-04-11 02:31:09.501 [pool-3-thread-1] INFO  com.rs.mv.mvvs.client.catalog.from.scan.CurrentPathScanner - [client:400205]scan file in current open file directory(C:/Users/Mikko/Desktop/TigerCookiesMNL/frontend/src/components/loginComponents)
2025-04-11 02:31:51.024 [pool-3-thread-1] INFO  com.rs.mv.mvvs.client.catalog.from.scan.CurrentPathScanner - [client:400205]scan file in current open file directory(C:/Users/Mikko/Desktop/TigerCookiesMNL/frontend/src/components/loginComponents)
2025-04-11 02:32:17.103 [pool-3-thread-1] INFO  com.rs.mv.mvvs.client.catalog.from.scan.CurrentPathScanner - [client:400205]scan file in current open file directory(C:/Users/Mikko/Desktop/TigerCookiesMNL/frontend/src/components/adminComponents/UpdateAccountComponents)
2025-04-11 02:37:25.493 [pool-3-thread-1] INFO  com.rs.mv.mvvs.client.catalog.from.scan.CurrentPathScanner - [client:400205]scan file in current open file directory(C:/Users/Mikko/Desktop/TigerCookiesMNL/frontend/src/components/loginComponents)
2025-04-11 02:37:30.928 [pool-3-thread-1] INFO  com.rs.mv.mvvs.client.catalog.from.scan.CurrentPathScanner - [client:400205]scan file in current open file directory(C:/Users/Mikko/Desktop/TigerCookiesMNL/frontend/src/components/loginComponents)
2025-04-11 02:37:35.415 [pool-3-thread-1] INFO  com.rs.mv.mvvs.client.catalog.from.scan.CurrentPathScanner - [client:400205]scan file in current open file directory(C:/Users/Mikko/Desktop/TigerCookiesMNL/frontend/src/components/loginComponents)
2025-04-11 02:37:52.506 [pool-3-thread-1] INFO  com.rs.mv.mvvs.client.catalog.from.scan.CurrentPathScanner - [client:400205]scan file in current open file directory(C:/Users/Mikko/Desktop/TigerCookiesMNL/backend/routes)
2025-04-11 02:42:07.260 [pool-3-thread-1] INFO  com.rs.mv.mvvs.client.catalog.from.scan.CurrentPathScanner - [client:400205]scan file in current open file directory(C:/Users/Mikko/Desktop/TigerCookiesMNL/frontend/src/components/loginComponents)
2025-04-11 02:44:14.239 [pool-3-thread-1] INFO  com.rs.mv.mvvs.client.catalog.from.scan.CurrentPathScanner - [client:400205]scan file in current open file directory(C:/Users/Mikko/Desktop/TigerCookiesMNL/frontend/src/components/adminComponents/UpdateAccountComponents)
2025-04-11 02:47:21.811 [pool-3-thread-1] INFO  com.rs.mv.mvvs.client.catalog.from.scan.CurrentPathScanner - [client:400205]scan file in current open file directory(C:/Users/Mikko/Desktop/TigerCookiesMNL/frontend/src/components/loginComponents)
2025-04-11 02:47:22.298 [pool-3-thread-1] INFO  com.rs.mv.mvvs.client.catalog.from.scan.CurrentPathScanner - [client:400205]scan file in current open file directory(C:/Users/Mikko/Desktop/TigerCookiesMNL/frontend/src/components/loginComponents)
2025-04-11 02:52:27.657 [pool-3-thread-1] INFO  com.rs.mv.mvvs.client.catalog.from.scan.CurrentPathScanner - [client:400205]scan file in current open file directory(C:/Users/Mikko/Desktop/TigerCookiesMNL/frontend/src/components/loginComponents)
2025-04-11 02:53:30.154 [pool-3-thread-1] INFO  com.rs.mv.mvvs.client.catalog.from.scan.CurrentPathScanner - [client:400205]scan file in current open file directory(C:/Users/Mikko/Desktop/TigerCookiesMNL/frontend/src/components/loginComponents)
2025-04-11 02:53:36.589 [pool-3-thread-1] INFO  com.rs.mv.mvvs.client.catalog.from.scan.CurrentPathScanner - [client:400205]scan file in current open file directory(C:/Users/Mikko/Desktop/TigerCookiesMNL/backend/routes)
2025-04-11 02:53:39.660 [pool-3-thread-1] INFO  com.rs.mv.mvvs.client.catalog.from.scan.CurrentPathScanner - [client:400205]scan file in current open file directory(C:/Users/Mikko/Desktop/TigerCookiesMNL/backend/models)
2025-04-11 02:57:44.305 [pool-3-thread-1] INFO  com.rs.mv.mvvs.client.catalog.from.scan.CurrentPathScanner - [client:400205]scan file in current open file directory(C:/Users/Mikko/Desktop/TigerCookiesMNL/backend/routes)
2025-04-11 03:00:37.493 [pool-3-thread-1] INFO  com.rs.mv.mvvs.client.catalog.from.scan.CurrentPathScanner - [client:400205]scan file in current open file directory(C:/Users/Mikko/Desktop/TigerCookiesMNL/frontend/src/components/loginComponents)
2025-04-11 03:00:40.944 [pool-3-thread-1] INFO  com.rs.mv.mvvs.client.catalog.from.scan.CurrentPathScanner - [client:400205]scan file in current open file directory(C:/Users/Mikko/Desktop/TigerCookiesMNL/frontend/src/components/loginComponents)
2025-04-11 03:00:46.661 [pool-3-thread-1] INFO  com.rs.mv.mvvs.client.catalog.from.scan.CurrentPathScanner - [client:400205]scan file in current open file directory(C:/Users/Mikko/Desktop/TigerCookiesMNL/frontend/src/components/loginComponents)
2025-04-11 03:03:38.730 [pool-3-thread-1] INFO  com.rs.mv.mvvs.client.catalog.from.scan.CurrentPathScanner - [client:400205]scan file in current open file directory(C:/Users/Mikko/Desktop/TigerCookiesMNL/backend/routes)
2025-04-11 03:05:02.592 [pool-3-thread-1] INFO  com.rs.mv.mvvs.client.catalog.from.scan.CurrentPathScanner - [client:400205]scan file in current open file directory(C:/Users/Mikko/Desktop/TigerCookiesMNL/frontend/src/components/loginComponents)
2025-04-11 03:05:07.589 [pool-3-thread-1] INFO  com.rs.mv.mvvs.client.catalog.from.scan.CurrentPathScanner - [client:400205]scan file in current open file directory(C:/Users/Mikko/Desktop/TigerCookiesMNL/frontend/src/components/loginComponents)
2025-04-11 03:07:47.749 [pool-3-thread-1] INFO  com.rs.mv.mvvs.client.catalog.from.scan.CurrentPathScanner - [client:400205]scan file in current open file directory(C:/Users/Mikko/Desktop/TigerCookiesMNL/frontend/src/components/loginComponents)
2025-04-11 03:07:48.489 [pool-3-thread-1] INFO  com.rs.mv.mvvs.client.catalog.from.scan.CurrentPathScanner - [client:400205]scan file in current open file directory(C:/Users/Mikko/Desktop/TigerCookiesMNL/frontend/src/components/loginComponents)
2025-04-11 03:07:53.859 [pool-3-thread-1] INFO  com.rs.mv.mvvs.client.catalog.from.scan.CurrentPathScanner - [client:400205]scan file in current open file directory(C:/Users/Mikko/Desktop/TigerCookiesMNL/frontend/src/components/loginComponents)
2025-04-11 03:07:54.166 [pool-3-thread-1] INFO  com.rs.mv.mvvs.client.catalog.from.scan.CurrentPathScanner - [client:400205]scan file in current open file directory(C:/Users/Mikko/Desktop/TigerCookiesMNL/frontend/src/components/loginComponents)
2025-04-11 03:08:00.694 [pool-3-thread-1] INFO  com.rs.mv.mvvs.client.catalog.from.scan.CurrentPathScanner - [client:400205]scan file in current open file directory(C:/Users/Mikko/Desktop/TigerCookiesMNL/frontend/src/components/loginComponents)
2025-04-11 03:09:15.870 [pool-3-thread-1] INFO  com.rs.mv.mvvs.client.catalog.from.scan.CurrentPathScanner - [client:400205]scan file in current open file directory(C:/Users/Mikko/Desktop/TigerCookiesMNL/frontend/src/components/loginComponents)
2025-04-11 03:09:24.060 [pool-3-thread-1] INFO  com.rs.mv.mvvs.client.catalog.from.scan.CurrentPathScanner - [client:400205]scan file in current open file directory(C:/Users/Mikko/Desktop/TigerCookiesMNL/frontend/src/components/loginComponents)
2025-04-11 03:09:28.574 [pool-3-thread-1] INFO  com.rs.mv.mvvs.client.catalog.from.scan.CurrentPathScanner - [client:400205]scan file in current open file directory(C:/Users/Mikko/Desktop/TigerCookiesMNL/frontend/src/components/loginComponents)
2025-04-11 03:11:55.836 [main] WARN  com.rs.mv.mvvs.Startup - [LSP:100104]ROCKET MV BASIC EXTENSION exited
