2025-02-09 00:00:27.422 [pool-3-thread-1] INFO  com.rs.mv.mvvs.client.catalog.from.scan.CurrentPathScanner - [client:400205]scan file in current open file directory(C:/Users/Mikko/Desktop/TigerCookiesMNL/backend)
2025-02-09 00:00:53.273 [pool-3-thread-1] INFO  com.rs.mv.mvvs.client.catalog.from.scan.CurrentPathScanner - [client:400205]scan file in current open file directory(C:/Users/Mikko/Desktop/TigerCookiesMNL/backend/models)
2025-02-09 00:01:22.162 [pool-3-thread-1] INFO  com.rs.mv.mvvs.client.catalog.from.scan.CurrentPathScanner - [client:400205]scan file in current open file directory(C:/Users/Mikko/Desktop/TigerCookiesMNL/backend/models)
2025-02-09 00:01:26.120 [pool-3-thread-1] INFO  com.rs.mv.mvvs.client.catalog.from.scan.CurrentPathScanner - [client:400205]scan file in current open file directory(C:/Users/Mikko/Desktop/TigerCookiesMNL/backend/models)
2025-02-09 00:01:26.513 [pool-3-thread-1] INFO  com.rs.mv.mvvs.client.catalog.from.scan.CurrentPathScanner - [client:400205]scan file in current open file directory(C:/Users/Mikko/Desktop/TigerCookiesMNL/frontend/src/components/employee-attendance-components)
2025-02-09 00:01:28.245 [pool-3-thread-1] INFO  com.rs.mv.mvvs.client.catalog.from.scan.CurrentPathScanner - [client:400205]scan file in current open file directory(C:/Users/Mikko/Desktop/TigerCookiesMNL/backend/models)
2025-02-09 00:02:07.616 [pool-3-thread-1] INFO  com.rs.mv.mvvs.client.catalog.from.scan.CurrentPathScanner - [client:400205]scan file in current open file directory(C:/Users/Mikko/Desktop/TigerCookiesMNL/backend/routes)
2025-02-09 00:02:13.371 [pool-3-thread-1] INFO  com.rs.mv.mvvs.client.catalog.from.scan.CurrentPathScanner - [client:400205]scan file in current open file directory(C:/Users/Mikko/Desktop/TigerCookiesMNL/backend/models)
2025-02-09 00:02:19.264 [pool-3-thread-1] INFO  com.rs.mv.mvvs.client.catalog.from.scan.CurrentPathScanner - [client:400205]scan file in current open file directory(C:/Users/Mikko/Desktop/TigerCookiesMNL/backend)
2025-02-09 00:02:38.052 [pool-3-thread-1] INFO  com.rs.mv.mvvs.client.catalog.from.scan.CurrentPathScanner - [client:400205]scan file in current open file directory(C:/Users/Mikko/Desktop/TigerCookiesMNL/backend/models)
2025-02-09 00:03:18.416 [pool-3-thread-1] INFO  com.rs.mv.mvvs.client.catalog.from.scan.CurrentPathScanner - [client:400205]scan file in current open file directory(C:/Users/Mikko/Desktop/TigerCookiesMNL/backend)
2025-02-09 00:03:49.324 [pool-3-thread-1] INFO  com.rs.mv.mvvs.client.catalog.from.scan.CurrentPathScanner - [client:400205]scan file in current open file directory(C:/Users/Mikko/Desktop/TigerCookiesMNL/frontend/src/components/employee-attendance-components)
2025-02-09 00:03:50.578 [pool-3-thread-1] INFO  com.rs.mv.mvvs.client.catalog.from.scan.CurrentPathScanner - [client:400205]scan file in current open file directory(C:/Users/Mikko/Desktop/TigerCookiesMNL/backend)
2025-02-09 00:03:51.560 [pool-3-thread-1] INFO  com.rs.mv.mvvs.client.catalog.from.scan.CurrentPathScanner - [client:400205]scan file in current open file directory(C:/Users/Mikko/Desktop/TigerCookiesMNL/backend/models)
2025-02-09 00:03:53.325 [pool-3-thread-1] INFO  com.rs.mv.mvvs.client.catalog.from.scan.CurrentPathScanner - [client:400205]scan file in current open file directory(C:/Users/Mikko/Desktop/TigerCookiesMNL/backend/routes)
2025-02-09 00:03:57.222 [pool-3-thread-1] INFO  com.rs.mv.mvvs.client.catalog.from.scan.CurrentPathScanner - [client:400205]scan file in current open file directory(C:/Users/Mikko/Desktop/TigerCookiesMNL/backend)
2025-02-09 00:03:58.328 [pool-3-thread-1] INFO  com.rs.mv.mvvs.client.catalog.from.scan.CurrentPathScanner - [client:400205]scan file in current open file directory(C:/Users/Mikko/Desktop/TigerCookiesMNL/frontend/src/components/employee-attendance-components)
2025-02-09 00:04:09.359 [pool-3-thread-1] INFO  com.rs.mv.mvvs.client.catalog.from.scan.CurrentPathScanner - [client:400205]scan file in current open file directory(C:/Users/Mikko/Desktop/TigerCookiesMNL/frontend/src/components/sidebar-components/employee-sidebar)
2025-02-09 00:04:38.818 [pool-3-thread-1] INFO  com.rs.mv.mvvs.client.catalog.from.scan.CurrentPathScanner - [client:400205]scan file in current open file directory(C:/Users/Mikko/Desktop/TigerCookiesMNL/frontend/src/components/employee-attendance-components)
2025-02-09 00:08:37.472 [pool-3-thread-1] INFO  com.rs.mv.mvvs.client.catalog.from.scan.CurrentPathScanner - [client:400205]scan file in current open file directory(C:/Users/Mikko/Desktop/TigerCookiesMNL/backend/models)
2025-02-09 00:08:56.447 [pool-3-thread-1] INFO  com.rs.mv.mvvs.client.catalog.from.scan.CurrentPathScanner - [client:400205]scan file in current open file directory(C:/Users/Mikko/Desktop/TigerCookiesMNL/frontend/src/components/employee-attendance-components)
2025-02-09 00:11:05.047 [pool-3-thread-1] INFO  com.rs.mv.mvvs.client.catalog.from.scan.CurrentPathScanner - [client:400205]scan file in current open file directory(C:/Users/Mikko/Desktop/TigerCookiesMNL/backend/models)
2025-02-09 00:11:06.775 [pool-3-thread-1] INFO  com.rs.mv.mvvs.client.catalog.from.scan.CurrentPathScanner - [client:400205]scan file in current open file directory(C:/Users/Mikko/Desktop/TigerCookiesMNL/backend/routes)
2025-02-09 00:11:43.786 [pool-3-thread-1] INFO  com.rs.mv.mvvs.client.catalog.from.scan.CurrentPathScanner - [client:400205]scan file in current open file directory(C:/Users/Mikko/Desktop/TigerCookiesMNL/backend/routes)
2025-02-09 00:12:08.208 [pool-3-thread-1] INFO  com.rs.mv.mvvs.client.catalog.from.scan.CurrentPathScanner - [client:400205]scan file in current open file directory(C:/Users/Mikko/Desktop/TigerCookiesMNL/backend/routes)
2025-02-09 00:12:30.557 [pool-3-thread-1] INFO  com.rs.mv.mvvs.client.catalog.from.scan.CurrentPathScanner - [client:400205]scan file in current open file directory(C:/Users/Mikko/Desktop/TigerCookiesMNL/backend)
2025-02-09 00:12:31.715 [pool-3-thread-1] INFO  com.rs.mv.mvvs.client.catalog.from.scan.CurrentPathScanner - [client:400205]scan file in current open file directory(C:/Users/Mikko/Desktop/TigerCookiesMNL/backend/models)
2025-02-09 00:13:01.000 [pool-3-thread-1] INFO  com.rs.mv.mvvs.client.catalog.from.scan.CurrentPathScanner - [client:400205]scan file in current open file directory(C:/Users/Mikko/Desktop/TigerCookiesMNL/frontend/src/components/employee-attendance-components)
2025-02-09 00:15:38.677 [pool-3-thread-1] INFO  com.rs.mv.mvvs.client.catalog.from.scan.CurrentPathScanner - [client:400205]scan file in current open file directory(C:/Users/Mikko/Desktop/TigerCookiesMNL/backend/routes)
2025-02-09 00:15:57.358 [pool-3-thread-1] INFO  com.rs.mv.mvvs.client.catalog.from.scan.CurrentPathScanner - [client:400205]scan file in current open file directory(C:/Users/Mikko/Desktop/TigerCookiesMNL/backend/models)
2025-02-09 00:16:08.912 [pool-3-thread-1] INFO  com.rs.mv.mvvs.client.catalog.from.scan.CurrentPathScanner - [client:400205]scan file in current open file directory(C:/Users/Mikko/Desktop/TigerCookiesMNL/frontend/src/components/employee-attendance-components)
2025-02-09 00:17:37.823 [pool-3-thread-1] INFO  com.rs.mv.mvvs.client.catalog.from.scan.CurrentPathScanner - [client:400205]scan file in current open file directory(C:/Users/Mikko/Desktop/TigerCookiesMNL/backend)
2025-02-09 00:17:44.503 [pool-3-thread-1] INFO  com.rs.mv.mvvs.client.catalog.from.scan.CurrentPathScanner - [client:400205]scan file in current open file directory(C:/Users/Mikko/Desktop/TigerCookiesMNL/backend/routes)
2025-02-09 00:19:09.126 [pool-3-thread-1] INFO  com.rs.mv.mvvs.client.catalog.from.scan.CurrentPathScanner - [client:400205]scan file in current open file directory(C:/Users/Mikko/Desktop/TigerCookiesMNL/backend/routes)
2025-02-09 00:27:21.493 [pool-3-thread-1] INFO  com.rs.mv.mvvs.client.catalog.from.scan.CurrentPathScanner - [client:400205]scan file in current open file directory(C:/Users/Mikko/Desktop/TigerCookiesMNL/frontend/src/components/employee-attendance-components)
